<?xml version="1.0" encoding="UTF-8" standalone="no"?>
<!DOCTYPE log SYSTEM "logger.dtd">
<log>
<record>
  <date>2019-01-29T10:04:01</date>
  <millis>1548785041845</millis>
  <sequence>0</sequence>
  <level>START</level>
  <class>com.kms.katalon.core.logging.KeywordLogger</class>
  <method>startSuite</method>
  <thread>1</thread>
  <message>Start Test Suite : Test Suites/Gated Public 10.10 - EU1</message>
  <nestedLevel>0</nestedLevel>
  <property name="name">Gated Public 10.10 - EU1</property>
  <property name="description"></property>
  <property name="id">Test Suites/Gated Public 10.10 - EU1</property>
</record>
<record>
  <date>2019-01-29T10:04:01</date>
  <millis>1548785041877</millis>
  <sequence>1</sequence>
  <level>RUN_DATA</level>
  <class>com.kms.katalon.core.logging.KeywordLogger</class>
  <method>logMessage</method>
  <thread>1</thread>
  <message>Logging run data &amp;apos;hostName&amp;apos; with value &amp;apos;alahley - 172.16.168.22&amp;apos;</message>
  <nestedLevel>0</nestedLevel>
  <property name="hostName">alahley - 172.16.168.22</property>
</record>
<record>
  <date>2019-01-29T10:04:01</date>
  <millis>1548785041878</millis>
  <sequence>2</sequence>
  <level>RUN_DATA</level>
  <class>com.kms.katalon.core.logging.KeywordLogger</class>
  <method>logMessage</method>
  <thread>1</thread>
  <message>Logging run data &amp;apos;os&amp;apos; with value &amp;apos;Mac OS X 64bit&amp;apos;</message>
  <nestedLevel>0</nestedLevel>
  <property name="os">Mac OS X 64bit</property>
</record>
<record>
  <date>2019-01-29T10:04:01</date>
  <millis>1548785041878</millis>
  <sequence>3</sequence>
  <level>RUN_DATA</level>
  <class>com.kms.katalon.core.logging.KeywordLogger</class>
  <method>logMessage</method>
  <thread>1</thread>
  <message>Logging run data &amp;apos;hostAddress&amp;apos; with value &amp;apos;172.16.168.22&amp;apos;</message>
  <nestedLevel>0</nestedLevel>
  <property name="hostAddress">172.16.168.22</property>
</record>
<record>
  <date>2019-01-29T10:04:01</date>
  <millis>1548785041880</millis>
  <sequence>4</sequence>
  <level>RUN_DATA</level>
  <class>com.kms.katalon.core.logging.KeywordLogger</class>
  <method>logMessage</method>
  <thread>1</thread>
  <message>Logging run data &amp;apos;katalonVersion&amp;apos; with value &amp;apos;4.1.0.2&amp;apos;</message>
  <nestedLevel>0</nestedLevel>
  <property name="katalonVersion">4.1.0.2</property>
</record>
<record>
  <date>2019-01-29T10:04:02</date>
  <millis>1548785042143</millis>
  <sequence>5</sequence>
  <level>START</level>
  <class>com.kms.katalon.core.logging.KeywordLogger</class>
  <method>startTest</method>
  <thread>1</thread>
  <message>Start Test Case : Test Cases/Gated - Public Test Cases/10.10 - EU1/EU 1 - Logging In and Out</message>
  <nestedLevel>1</nestedLevel>
  <property name="name">Test Cases/Gated - Public Test Cases/10.10 - EU1/EU 1 - Logging In and Out</property>
  <property name="description">This will cover primarily the log in process and validation of Sudoing as a different user</property>
  <property name="id">Test Cases/Gated - Public Test Cases/10.10 - EU1/EU 1 - Logging In and Out</property>
  <property name="source">\\Users\\alahley\\Katalon Studio\\Analytics\\Test Cases\\Gated - Public Test Cases\\10.10 - EU1\\EU 1 - Logging In and Out.tc</property>
  <property name="isOptional">false</property>
</record>
<record>
  <date>2019-01-29T10:04:02</date>
  <millis>1548785042174</millis>
  <sequence>6</sequence>
  <level>INFO</level>
  <class>com.kms.katalon.core.logging.KeywordLogger</class>
  <method>logMessage</method>
  <thread>1</thread>
  <message>Evaluating variables for test case</message>
  <nestedLevel>1</nestedLevel>
</record>
<record>
  <date>2019-01-29T10:04:02</date>
  <millis>1548785042443</millis>
  <sequence>7</sequence>
  <level>START</level>
  <class>com.kms.katalon.core.logging.KeywordLogger</class>
  <method>startKeyword</method>
  <thread>1</thread>
  <message>Start action : openBrowser</message>
  <nestedLevel>1</nestedLevel>
  <property name="startLine">17</property>
  <property name="stepIndex">1</property>
  <property name="description">Fires up the browser\n</property>
</record>
<record>
  <date>2019-01-29T10:04:03</date>
  <millis>1548785043044</millis>
  <sequence>8</sequence>
  <level>INFO</level>
  <class>com.kms.katalon.core.logging.KeywordLogger</class>
  <method>logMessage</method>
  <thread>1</thread>
  <message>Opening browser</message>
  <nestedLevel>1</nestedLevel>
</record>
<record>
  <date>2019-01-29T10:04:03</date>
  <millis>1548785043058</millis>
  <sequence>9</sequence>
  <level>INFO</level>
  <class>com.kms.katalon.core.logging.KeywordLogger</class>
  <method>logMessage</method>
  <thread>1</thread>
  <message>Starting &amp;apos;Firefox&amp;apos; driver</message>
  <nestedLevel>1</nestedLevel>
</record>
<record>
  <date>2019-01-29T10:04:03</date>
  <millis>1548785043111</millis>
  <sequence>10</sequence>
  <level>INFO</level>
  <class>com.kms.katalon.core.logging.KeywordLogger</class>
  <method>logMessage</method>
  <thread>1</thread>
  <message>Action delay is set to 0 seconds</message>
  <nestedLevel>1</nestedLevel>
</record>
</log>
